<?xml version="1.0" encoding="UTF-8"?>
<!-- Generated by org.testng.reporters.JUnitReportReporter -->
<testsuite hostname="DESKTOP-IPVOHCG" failures="0" tests="1" name="reports.extent.ExtentReportsDemo" time="11.126" errors="0" timestamp="2025-04-03T11:11:59 IST" skipped="0">
  <testcase classname="reports.extent.ExtentReportsDemo" name="titleTest" time="11.126"/>
</testsuite> <!-- reports.extent.ExtentReportsDemo -->
